[debug] ----------------------------------------------------------------------
[debug] Command:      node /usr/local/bin/firebase deploy
[debug] Platform:     darwin
[debug] Node Version: v0.12.0
[debug] Time:         Mon Jan 04 2016 21:45:04 GMT+1100 (AEDT)
[debug] ----------------------------------------------------------------------
[debug] 
[debug] >>> HTTP REQUEST GET https://admin.firebase.com/firebase/glo2/token?token=XXX 
[debug] <<< HTTP RESPONSE 200
[debug] >>> HTTP REQUEST GET https://admin.firebase.com/firebase/glo2/token?token=XXX 
[debug] <<< HTTP RESPONSE 200
[info] 
[info] === Deploying to 'glo2'...
[info] 
[info] i  deploying hosting
[info] i  preparing . directory for upload...
[warn] ⚠  Warning: Public directory does not contain index.html
[debug] >>> HTTP REQUEST PUT https://deploy.firebase.com/firebase/glo2/uploads/-K7BENsPI13wbtZ7kzhm?token=XXX&fileCount=25&message= 
[debug] ----------------------------------------------------------------------
[debug] Command:      node /usr/local/bin/firebase deploy
[debug] Platform:     darwin
[debug] Node Version: v0.12.0
[debug] Time:         Tue Jan 05 2016 22:09:21 GMT+1100 (AEDT)
[debug] ----------------------------------------------------------------------
[debug] 
[debug] >>> HTTP REQUEST GET https://admin.firebase.com/firebase/glo2/token?token=XXX 
[debug] <<< HTTP RESPONSE 200
[debug] >>> HTTP REQUEST GET https://admin.firebase.com/firebase/glo2/token?token=XXX 
[debug] <<< HTTP RESPONSE 200
[info] 
[info] === Deploying to 'glo2'...
[info] 
[info] i  deploying hosting
[info] i  preparing . directory for upload...
[warn] ⚠  Warning: Public directory does not contain index.html
[debug] >>> HTTP REQUEST PUT https://deploy.firebase.com/firebase/glo2/uploads/-K7GTXPYz2zRq4DFxLj1?token=XXX&fileCount=2139&message= 
